Performing C SOURCE FILE Test CMAKE_HAVE_LIBC_PTHREAD failed with the following output:
Change Dir: C:/Users/Kevin/CLionProjects/PPTPN/cmake-build-debug/CMakeFiles/CMakeScratch/TryCompile-h0hl43

Run Build Command(s):C:/Users/Kevin/AppData/Local/JetBrains/Toolbox/apps/CLion/ch-0/231.9225.21/bin/ninja/win/x64/ninja.exe cmTC_eb6f5 && [1/2] Building C object CMakeFiles\cmTC_eb6f5.dir\src.c.obj
FAILED: CMakeFiles/cmTC_eb6f5.dir/src.c.obj 
C:\PROGRA~1\MICROS~3\2022\COMMUN~1\VC\Tools\MSVC\1435~1.322\bin\Hostx86\x86\cl.exe  /nologo -DCMAKE_HAVE_LIBC_PTHREAD  /DWIN32 /D_WINDOWS  /Ob0 /Od /RTC1 -MDd -Zi /showIncludes /FoCMakeFiles\cmTC_eb6f5.dir\src.c.obj /FdCMakeFiles\cmTC_eb6f5.dir\ /FS -c C:\Users\Kevin\CLionProjects\PPTPN\cmake-build-debug\CMakeFiles\CMakeScratch\TryCompile-h0hl43\src.c
C:\Users\Kevin\CLionProjects\PPTPN\cmake-build-debug\CMakeFiles\CMakeScratch\TryCompile-h0hl43\src.c(1): fatal error C1083: 无法打开包括文件: “pthread.h”: No such file or directory
ninja: build stopped: subcommand failed.


Source file was:
#include <pthread.h>

static void* test_func(void* data)
{
  return data;
}

int main(void)
{
  pthread_t thread;
  pthread_create(&thread, NULL, test_func, NULL);
  pthread_detach(thread);
  pthread_cancel(thread);
  pthread_join(thread, NULL);
  pthread_atfork(NULL, NULL, NULL);
  pthread_exit(NULL);

  return 0;
}


Determining if the function pthread_create exists in the pthreads failed with the following output:
Change Dir: C:/Users/Kevin/CLionProjects/PPTPN/cmake-build-debug/CMakeFiles/CMakeScratch/TryCompile-qd6gua

Run Build Command(s):C:/Users/Kevin/AppData/Local/JetBrains/Toolbox/apps/CLion/ch-0/231.9225.21/bin/ninja/win/x64/ninja.exe cmTC_089f9 && [1/2] Building C object CMakeFiles\cmTC_089f9.dir\CheckFunctionExists.c.obj
[2/2] Linking C executable cmTC_089f9.exe
FAILED: cmTC_089f9.exe 
cmd.exe /C "cd . && C:\Users\Kevin\AppData\Local\JetBrains\Toolbox\apps\CLion\ch-0\231.9225.21\bin\cmake\win\x64\bin\cmake.exe -E vs_link_exe --intdir=CMakeFiles\cmTC_089f9.dir --rc=C:\PROGRA~2\WI3CF2~1\10\bin\100220~1.0\x86\rc.exe --mt=C:\PROGRA~2\WI3CF2~1\10\bin\100220~1.0\x86\mt.exe --manifests  -- C:\PROGRA~1\MICROS~3\2022\COMMUN~1\VC\Tools\MSVC\1435~1.322\bin\Hostx86\x86\link.exe /nologo CMakeFiles\cmTC_089f9.dir\CheckFunctionExists.c.obj  /out:cmTC_089f9.exe /implib:cmTC_089f9.lib /pdb:cmTC_089f9.pdb /version:0.0 /machine:X86  /debug /INCREMENTAL /subsystem:console  pthreads.lib  kernel32.lib user32.lib gdi32.lib winspool.lib shell32.lib ole32.lib oleaut32.lib uuid.lib comdlg32.lib advapi32.lib && cmd.exe /C "cd /D C:\Users\Kevin\CLionProjects\PPTPN\cmake-build-debug\CMakeFiles\CMakeScratch\TryCompile-qd6gua && C:\Users\Kevin\AppData\Local\Microsoft\WindowsApps\pwsh.exe -noprofile -executionpolicy Bypass -file C:/Users/Kevin/.clion-vcpkg/vcpkg/scripts/buildsystems/msbuild/applocal.ps1 -targetBinary C:/Users/Kevin/CLionProjects/PPTPN/cmake-build-debug/CMakeFiles/CMakeScratch/TryCompile-qd6gua/cmTC_089f9.exe -installedDir C:/Users/Kevin/.clion-vcpkg/vcpkg/installed/x86-windows/debug/bin -OutVariable out""
LINK Pass 1: command "C:\PROGRA~1\MICROS~3\2022\COMMUN~1\VC\Tools\MSVC\1435~1.322\bin\Hostx86\x86\link.exe /nologo CMakeFiles\cmTC_089f9.dir\CheckFunctionExists.c.obj /out:cmTC_089f9.exe /implib:cmTC_089f9.lib /pdb:cmTC_089f9.pdb /version:0.0 /machine:X86 /debug /INCREMENTAL /subsystem:console pthreads.lib kernel32.lib user32.lib gdi32.lib winspool.lib shell32.lib ole32.lib oleaut32.lib uuid.lib comdlg32.lib advapi32.lib /MANIFEST /MANIFESTFILE:CMakeFiles\cmTC_089f9.dir/intermediate.manifest CMakeFiles\cmTC_089f9.dir/manifest.res" failed (exit code 1104) with the following output:
LINK : fatal error LNK1104: 无法打开文件“pthreads.lib”
ninja: build stopped: subcommand failed.



Determining if the function pthread_create exists in the pthread failed with the following output:
Change Dir: C:/Users/Kevin/CLionProjects/PPTPN/cmake-build-debug/CMakeFiles/CMakeScratch/TryCompile-ervfnh

Run Build Command(s):C:/Users/Kevin/AppData/Local/JetBrains/Toolbox/apps/CLion/ch-0/231.9225.21/bin/ninja/win/x64/ninja.exe cmTC_d4ece && [1/2] Building C object CMakeFiles\cmTC_d4ece.dir\CheckFunctionExists.c.obj
[2/2] Linking C executable cmTC_d4ece.exe
FAILED: cmTC_d4ece.exe 
cmd.exe /C "cd . && C:\Users\Kevin\AppData\Local\JetBrains\Toolbox\apps\CLion\ch-0\231.9225.21\bin\cmake\win\x64\bin\cmake.exe -E vs_link_exe --intdir=CMakeFiles\cmTC_d4ece.dir --rc=C:\PROGRA~2\WI3CF2~1\10\bin\100220~1.0\x86\rc.exe --mt=C:\PROGRA~2\WI3CF2~1\10\bin\100220~1.0\x86\mt.exe --manifests  -- C:\PROGRA~1\MICROS~3\2022\COMMUN~1\VC\Tools\MSVC\1435~1.322\bin\Hostx86\x86\link.exe /nologo CMakeFiles\cmTC_d4ece.dir\CheckFunctionExists.c.obj  /out:cmTC_d4ece.exe /implib:cmTC_d4ece.lib /pdb:cmTC_d4ece.pdb /version:0.0 /machine:X86  /debug /INCREMENTAL /subsystem:console  pthread.lib  kernel32.lib user32.lib gdi32.lib winspool.lib shell32.lib ole32.lib oleaut32.lib uuid.lib comdlg32.lib advapi32.lib && cmd.exe /C "cd /D C:\Users\Kevin\CLionProjects\PPTPN\cmake-build-debug\CMakeFiles\CMakeScratch\TryCompile-ervfnh && C:\Users\Kevin\AppData\Local\Microsoft\WindowsApps\pwsh.exe -noprofile -executionpolicy Bypass -file C:/Users/Kevin/.clion-vcpkg/vcpkg/scripts/buildsystems/msbuild/applocal.ps1 -targetBinary C:/Users/Kevin/CLionProjects/PPTPN/cmake-build-debug/CMakeFiles/CMakeScratch/TryCompile-ervfnh/cmTC_d4ece.exe -installedDir C:/Users/Kevin/.clion-vcpkg/vcpkg/installed/x86-windows/debug/bin -OutVariable out""
LINK Pass 1: command "C:\PROGRA~1\MICROS~3\2022\COMMUN~1\VC\Tools\MSVC\1435~1.322\bin\Hostx86\x86\link.exe /nologo CMakeFiles\cmTC_d4ece.dir\CheckFunctionExists.c.obj /out:cmTC_d4ece.exe /implib:cmTC_d4ece.lib /pdb:cmTC_d4ece.pdb /version:0.0 /machine:X86 /debug /INCREMENTAL /subsystem:console pthread.lib kernel32.lib user32.lib gdi32.lib winspool.lib shell32.lib ole32.lib oleaut32.lib uuid.lib comdlg32.lib advapi32.lib /MANIFEST /MANIFESTFILE:CMakeFiles\cmTC_d4ece.dir/intermediate.manifest CMakeFiles\cmTC_d4ece.dir/manifest.res" failed (exit code 1104) with the following output:
LINK : fatal error LNK1104: 无法打开文件“pthread.lib”
ninja: build stopped: subcommand failed.



